16:04:55 **** Incremental Build of configuration Debug for project process-a ****
make all 
Building file: ../main.c
Invoking: GCC C Compiler
gcc -O0 -g3 -Wall -c -fmessage-length=0 -MMD -MP -MF"main.d" -MT"main.d" -o "main.o" "../main.c"
../main.c: In function ‘main’:
../main.c:15:2: warning: implicit declaration of function ‘my_printing’ [-Wimplicit-function-declaration]
  my_printing();
  ^
In file included from ../main.c:8:0:
../main.c: At top level:
/usr/include/transport.h:18:13: warning: ‘print_my’ declared ‘static’ but never defined [-Wunused-function]
 static void print_my();
             ^
Finished building: ../main.c
 
Building target: process-a
Invoking: GCC C Linker
gcc  -o "process-a"  ./main.o   
./main.o: In function `main':
/home/caio/Projects/redes/process-a/Debug/../main.c:15: undefined reference to `my_printing'
collect2: error: ld returned 1 exit status
make: *** [process-a] Error 1

16:04:55 Build Finished (took 179ms)

