15:47:14 **** Incremental Build of configuration Debug for project TcpOverUdp ****
make all 
Building file: ../transport/transport.c
Invoking: GCC C Compiler
gcc -O0 -g3 -Wall -c -fmessage-length=0 -MMD -MP -MF"transport/transport.d" -MT"transport/transport.d" -o "transport/transport.o" "../transport/transport.c"
In file included from ../transport/transport.c:8:0:
../transport/transport.h:14:3: warning: data definition has no type or storage class [enabled by default]
 };instance1;
   ^
../transport/transport.h:14:3: warning: type defaults to ‘int’ in declaration of ‘instance1’ [-Wimplicit-int]
Finished building: ../transport/transport.c
 
Building file: ../application/application.c
Invoking: GCC C Compiler
gcc -O0 -g3 -Wall -c -fmessage-length=0 -MMD -MP -MF"application/application.d" -MT"application/application.d" -o "application/application.o" "../application/application.c"
Finished building: ../application/application.c
 
Building file: ../main.c
Invoking: GCC C Compiler
gcc -O0 -g3 -Wall -c -fmessage-length=0 -MMD -MP -MF"main.d" -MT"main.d" -o "main.o" "../main.c"
../main.c: In function ‘main’:
../main.c:19:2: warning: implicit declaration of function ‘print_my’ [-Wimplicit-function-declaration]
  print_my();
  ^
Finished building: ../main.c
 
Building file: ../process-a.c
Invoking: GCC C Compiler
gcc -O0 -g3 -Wall -c -fmessage-length=0 -MMD -MP -MF"process-a.d" -MT"process-a.d" -o "process-a.o" "../process-a.c"
Finished building: ../process-a.c
 
Building file: ../process-b.c
Invoking: GCC C Compiler
gcc -O0 -g3 -Wall -c -fmessage-length=0 -MMD -MP -MF"process-b.d" -MT"process-b.d" -o "process-b.o" "../process-b.c"
Finished building: ../process-b.c
 
Building file: ../process-c.c
Invoking: GCC C Compiler
gcc -O0 -g3 -Wall -c -fmessage-length=0 -MMD -MP -MF"process-c.d" -MT"process-c.d" -o "process-c.o" "../process-c.c"
Finished building: ../process-c.c
 
Building target: TcpOverUdp
Invoking: GCC C Linker
gcc  -o "TcpOverUdp"  ./transport/transport.o  ./application/application.o  ./main.o ./process-a.o ./process-b.o ./process-c.o   
Finished building target: TcpOverUdp
 

15:47:15 Build Finished (took 262ms)

